#
# There is insufficient memory for the Java Runtime Environment to continue.
# Native memory allocation (mmap) failed to map 266338304 bytes for G1 virtual space
# Possible reasons:
#   The system is out of physical RAM or swap space
#   The process is running with CompressedOops enabled, and the Java Heap may be blocking the growth of the native heap
# Possible solutions:
#   Reduce memory load on the system
#   Increase physical memory or swap space
#   Check if swap backing store is full
#   Decrease Java heap size (-Xmx/-Xms)
#   Decrease number of Java threads
#   Decrease Java thread stack sizes (-Xss)
#   Set larger code cache with -XX:ReservedCodeCacheSize=
#   JVM is running with Unscaled Compressed Oops mode in which the Java heap is
#     placed in the first 4GB address space. The Java Heap base address is the
#     maximum limit for the native heap growth. Please use -XX:HeapBaseMinAddress
#     to set the Java Heap base and to place the Java Heap above 4GB virtual address.
# This output file may be truncated or incomplete.
#
#  Out of Memory Error (os_windows.cpp:3535), pid=10180, tid=29136
#
# JRE version:  (17.0.3+7) (build )
# Java VM: OpenJDK 64-Bit Server VM (17.0.3+7, mixed mode, sharing, tiered, compressed oops, compressed class ptrs, g1 gc, windows-amd64)
# No core dump will be written. Minidumps are not enabled by default on client versions of Windows
#

---------------  S U M M A R Y ------------

Command Line: -Dorg.gradle.internal.worker.tmpdir=C:\Users\Karol\IdeaProjects\Learning Progress Tracker\Learning Progress Tracker\task\build\tmp\test\work -Dorg.gradle.native=false --add-opens=java.base/java.util=ALL-UNNAMED --add-opens=java.base/java.lang=ALL-UNNAMED -Xmx512m -Dfile.encoding=utf-8 -Duser.country=PL -Duser.language=pl -Duser.variant -ea worker.org.gradle.process.internal.worker.GradleWorkerMain 'Gradle Test Executor 22'

Host: Intel(R) Core(TM) i7-10750H CPU @ 2.60GHz, 12 cores, 15G,  Windows 10 , 64 bit Build 19041 (10.0.19041.1889)
Time: Thu Mar  2 14:26:18 2023  Windows 10 , 64 bit Build 19041 (10.0.19041.1889) elapsed time: 0.012869 seconds (0d 0h 0m 0s)

---------------  T H R E A D  ---------------

Current thread (0x000002516b7f64f0):  JavaThread "Unknown thread" [_thread_in_vm, id=29136, stack(0x000000b72ae00000,0x000000b72af00000)]

Stack: [0x000000b72ae00000,0x000000b72af00000]
Native frames: (J=compiled Java code, j=interpreted, Vv=VM code, C=native code)
V  [jvm.dll+0x675efa]
V  [jvm.dll+0x830a24]
V  [jvm.dll+0x8321ce]
V  [jvm.dll+0x832833]
V  [jvm.dll+0x2454b5]
V  [jvm.dll+0x672de9]
V  [jvm.dll+0x667732]
V  [jvm.dll+0x3043ab]
V  [jvm.dll+0x30b8f6]
V  [jvm.dll+0x35b62e]
V  [jvm.dll+0x35b85f]
V  [jvm.dll+0x2db248]
V  [jvm.dll+0x2dc1b4]
V  [jvm.dll+0x802651]
V  [jvm.dll+0x3693b1]
V  [jvm.dll+0x7e1aac]
V  [jvm.dll+0x3ebd8f]
V  [jvm.dll+0x3ed911]
C  [jli.dll+0x5277]
C  [ucrtbase.dll+0x21bb2]
C  [KERNEL32.DLL+0x17034]
C  [ntdll.dll+0x526a1]


---------------  P R O C E S S  ---------------

Threads class SMR info:
_java_thread_list=0x00007ffbb5816e98, length=0, elements={
}

Java Threads: ( => current thread )

Other Threads:
  0x000002516b825070 GCTaskThread "GC Thread#0" [stack: 0x000000b72af00000,0x000000b72b000000] [id=24812]
  0x000002516b829ec0 ConcurrentGCThread "G1 Main Marker" [stack: 0x000000b72b000000,0x000000b72b100000] [id=24056]
  0x000002516b82af80 ConcurrentGCThread "G1 Conc#0" [stack: 0x000000b72b100000,0x000000b72b200000] [id=8032]

[error occurred during error reporting (printing all threads), id 0xc0000005, EXCEPTION_ACCESS_VIOLATION (0xc0000005) at pc=0x00007ffbb4febcd7]

VM state: not at safepoint (not fully initialized)

VM Mutex/Monitor currently owned by a thread:  ([mutex/lock_event])
[0x000002516b7f0b20] Heap_lock - owner thread: 0x000002516b7f64f0

Heap address: 0x00000000e0000000, size: 512 MB, Compressed Oops mode: 32-bit

CDS archive(s) mapped at: [0x0000000000000000-0x0000000000000000-0x0000000000000000), size 0, SharedBaseAddress: 0x0000000800000000, ArchiveRelocationMode: 0.
Narrow klass base: 0x0000000000000000, Narrow klass shift: 0, Narrow klass range: 0x0

GC Precious Log:
<Empty>

Heap:
 garbage-first heap   total 0K, used 0K [0x00000000e0000000, 0x0000000100000000)
  region size 1024K, 0 young (0K), 0 survivors (0K)

[error occurred during error reporting (printing heap information), id 0xc0000005, EXCEPTION_ACCESS_VIOLATION (0xc0000005) at pc=0x00007ffbb53cf249]

GC Heap History (0 events):
No events

Deoptimization events (0 events):
No events

Classes unloaded (0 events):
No events

Classes redefined (0 events):
No events

Internal exceptions (0 events):
No events

VM Operations (0 events):
No events

Events (1 events):
Event: 0.008 Loaded shared library C:\Users\Karol\.gradle\jdks\jdk-17.0.3+7\bin\java.dll


Dynamic libraries:
0x00007ff65fbe0000 - 0x00007ff65fbee000 	C:\Users\Karol\.gradle\jdks\jdk-17.0.3+7\bin\java.exe
0x00007ffc05b10000 - 0x00007ffc05d08000 	C:\Windows\SYSTEM32\ntdll.dll
0x00007ffc03c20000 - 0x00007ffc03cdd000 	C:\Windows\System32\KERNEL32.DLL
0x00007ffc037a0000 - 0x00007ffc03a72000 	C:\Windows\System32\KERNELBASE.dll
0x00007ffc03250000 - 0x00007ffc03350000 	C:\Windows\System32\ucrtbase.dll
0x00007ffbf66a0000 - 0x00007ffbf66b8000 	C:\Users\Karol\.gradle\jdks\jdk-17.0.3+7\bin\jli.dll
0x00007ffbfb560000 - 0x00007ffbfb579000 	C:\Users\Karol\.gradle\jdks\jdk-17.0.3+7\bin\VCRUNTIME140.dll
0x00007ffc03d90000 - 0x00007ffc03f2d000 	C:\Windows\System32\USER32.dll
0x00007ffc03770000 - 0x00007ffc03792000 	C:\Windows\System32\win32u.dll
0x00007ffc04af0000 - 0x00007ffc04b1b000 	C:\Windows\System32\GDI32.dll
0x00007ffc035d0000 - 0x00007ffc036df000 	C:\Windows\System32\gdi32full.dll
0x00007ffbf35d0000 - 0x00007ffbf386a000 	C:\Windows\WinSxS\amd64_microsoft.windows.common-controls_6595b64144ccf1df_6.0.19041.1110_none_60b5254171f9507e\COMCTL32.dll
0x00007ffc03ad0000 - 0x00007ffc03b6d000 	C:\Windows\System32\msvcp_win.dll
0x00007ffc04990000 - 0x00007ffc04a2e000 	C:\Windows\System32\msvcrt.dll
0x00007ffc03f40000 - 0x00007ffc03f70000 	C:\Windows\System32\IMM32.DLL
0x00007ffbfbaf0000 - 0x00007ffbfbafc000 	C:\Users\Karol\.gradle\jdks\jdk-17.0.3+7\bin\vcruntime140_1.dll
0x00007ffbc3970000 - 0x00007ffbc3a01000 	C:\Users\Karol\.gradle\jdks\jdk-17.0.3+7\bin\msvcp140.dll
0x00007ffbb4d00000 - 0x00007ffbb5948000 	C:\Users\Karol\.gradle\jdks\jdk-17.0.3+7\bin\server\jvm.dll
0x00007ffc03b70000 - 0x00007ffc03c1e000 	C:\Windows\System32\ADVAPI32.dll
0x00007ffc05980000 - 0x00007ffc05a1c000 	C:\Windows\System32\sechost.dll
0x00007ffc04db0000 - 0x00007ffc04ed5000 	C:\Windows\System32\RPCRT4.dll
0x00007ffc05850000 - 0x00007ffc05858000 	C:\Windows\System32\PSAPI.DLL
0x00007ffbfc350000 - 0x00007ffbfc377000 	C:\Windows\SYSTEM32\WINMM.dll
0x00007ffbfaa40000 - 0x00007ffbfaa49000 	C:\Windows\SYSTEM32\WSOCK32.dll
0x00007ffbfcd30000 - 0x00007ffbfcd3a000 	C:\Windows\SYSTEM32\VERSION.dll
0x00007ffc057c0000 - 0x00007ffc0582b000 	C:\Windows\System32\WS2_32.dll
0x00007ffc01a70000 - 0x00007ffc01a82000 	C:\Windows\SYSTEM32\kernel.appcore.dll
0x00007ffbfb620000 - 0x00007ffbfb62a000 	C:\Users\Karol\.gradle\jdks\jdk-17.0.3+7\bin\jimage.dll
0x00007ffc01780000 - 0x00007ffc01964000 	C:\Windows\SYSTEM32\DBGHELP.DLL
0x00007ffbe35b0000 - 0x00007ffbe35dc000 	C:\Windows\SYSTEM32\dbgcore.DLL
0x00007ffc036e0000 - 0x00007ffc03762000 	C:\Windows\System32\bcryptPrimitives.dll
0x00007ffbd6310000 - 0x00007ffbd6335000 	C:\Users\Karol\.gradle\jdks\jdk-17.0.3+7\bin\java.dll

dbghelp: loaded successfully - version: 4.0.5 - missing functions: none
symbol engine: initialized successfully - sym options: 0x614 - pdb path: .;C:\Users\Karol\.gradle\jdks\jdk-17.0.3+7\bin;C:\Windows\SYSTEM32;C:\Windows\WinSxS\amd64_microsoft.windows.common-controls_6595b64144ccf1df_6.0.19041.1110_none_60b5254171f9507e;C:\Users\Karol\.gradle\jdks\jdk-17.0.3+7\bin\server

VM Arguments:
jvm_args: -Dorg.gradle.internal.worker.tmpdir=C:\Users\Karol\IdeaProjects\Learning Progress Tracker\Learning Progress Tracker\task\build\tmp\test\work -Dorg.gradle.native=false --add-opens=java.base/java.util=ALL-UNNAMED --add-opens=java.base/java.lang=ALL-UNNAMED -Xmx512m -Dfile.encoding=utf-8 -Duser.country=PL -Duser.language=pl -Duser.variant -ea 
java_command: worker.org.gradle.process.internal.worker.GradleWorkerMain 'Gradle Test Executor 22'
java_class_path (initial): C:\Users\Karol\.gradle\caches\7.3.3\workerMain\gradle-worker.jar;C:\Users\Karol\IdeaProjects\Learning Progress Tracker\Learning Progress Tracker\task\build\classes\java\test;C:\Users\Karol\IdeaProjects\Learning Progress Tracker\Learning Progress Tracker\task\build\classes\java\main;C:\Users\Karol\.gradle\caches\modules-2\files-2.1\com.github.hyperskill\hs-test\release-SNAPSHOT\39580a2649085a45df136994ffb1ebb683e7bd30\hs-test-release-SNAPSHOT.jar;C:\Users\Karol\.gradle\caches\modules-2\files-2.1\org.junit.vintage\junit-vintage-engine\5.7.1\8184800e1a38965b3fb62a104458678835311e94\junit-vintage-engine-5.7.1.jar;C:\Users\Karol\.gradle\caches\modules-2\files-2.1\org.junit.jupiter\junit-jupiter-params\5.7.1\6f81b3c053433a8a40a378d2b4f056c5c31e50ff\junit-jupiter-params-5.7.1.jar;C:\Users\Karol\.gradle\caches\modules-2\files-2.1\org.junit.jupiter\junit-jupiter-engine\5.7.1\7fcfa59c5533abb41f86b1408960737eeaf1f49f\junit-jupiter-engine-5.7.1.jar;C:\Users\Karol\.gradle\caches\modules-2\files-2.1\org.junit.jupiter\junit-jupiter-api\5.7.1\a7261dff44e64aea7f621842eac5977fd6d2412d\junit-jupiter-api-5.7.1.jar;C:\Users\Karol\.gradle\caches\modules-2\files-2.1\org.junit.platform\junit-platform-engine\1.7.1\d276a968c57f5d60a421dedd1f8b6ca2fae09e86\junit-platform-engine-1.7.1.jar;C:\Users\Karol\.gradle\caches\modules-2\files-2.1\org.junit.platform\junit-platform-commons\1.7.1\7c49f0074842d07f4335de2389d624a7437d1407\junit-platform-commons-1.7.1.jar;C:\Users\Karol\.gradle\caches\modules-2\files-2.1\org.junit.jupiter\junit-jupiter\5.7.1\a4a80ea9b0cca47781edcf9f2d4f1f4f7ce9436e\junit-jupiter-5.7.1.jar;C:\Users\Karol\.gradle\caches\modules-2\files-2.1\org.assertj\assertj-swing-junit\3.17.1\cd7965b9f5abe57b5f9ef0f7058fd06cd7772dca\assertj-swing-junit-3.17.1.jar;C:\Users\Karol\.gradle\caches\modules-2\files-2.1\junit\junit\4.13.2\8ac9e16d933b6fb43bc7f576336b8f4d7eb5ba12\junit-4.13.2.jar;C:\Users\Karol\.gradle\caches\modules-2\files-2.1\org.apache.httpcomponents\
Launcher Type: SUN_STANDARD

[Global flags]
     intx CICompilerCount                          = 4                                         {product} {ergonomic}
     uint ConcGCThreads                            = 3                                         {product} {ergonomic}
     uint G1ConcRefinementThreads                  = 10                                        {product} {ergonomic}
   size_t G1HeapRegionSize                         = 1048576                                   {product} {ergonomic}
    uintx GCDrainStackTargetSize                   = 64                                        {product} {ergonomic}
   size_t InitialHeapSize                          = 266338304                                 {product} {ergonomic}
   size_t MarkStackSize                            = 4194304                                   {product} {ergonomic}
   size_t MaxHeapSize                              = 536870912                                 {product} {command line}
   size_t MinHeapDeltaBytes                        = 1048576                                   {product} {ergonomic}
   size_t MinHeapSize                              = 8388608                                   {product} {ergonomic}
    uintx NonNMethodCodeHeapSize                   = 5839372                                {pd product} {ergonomic}
    uintx NonProfiledCodeHeapSize                  = 122909434                              {pd product} {ergonomic}
    uintx ProfiledCodeHeapSize                     = 122909434                              {pd product} {ergonomic}
    uintx ReservedCodeCacheSize                    = 251658240                              {pd product} {ergonomic}
     bool SegmentedCodeCache                       = true                                      {product} {ergonomic}
   size_t SoftMaxHeapSize                          = 536870912                              {manageable} {ergonomic}
     bool UseCompressedClassPointers               = true                           {product lp64_product} {ergonomic}
     bool UseCompressedOops                        = true                           {product lp64_product} {ergonomic}
     bool UseG1GC                                  = true                                      {product} {ergonomic}
     bool UseLargePagesIndividualAllocation        = false                                  {pd product} {ergonomic}

Logging:
Log output configuration:
 #0: stdout all=warning uptime,level,tags
 #1: stderr all=off uptime,level,tags

Environment Variables:
JAVA_HOME=C:\Program Files\jdk-17
PATH=C:\Program Files (x86)\Common Files\Oracle\Java\javapath;C:\openjdk-17.0.2_windows-x64_bin\jdk-17.0.2\bin;C:\Windows\system32;C:\Program Files\mingw-w64\mingw64\bin;C:\Program Files\Amazon Corretto\jdk11.0.16_9\bin;C:\Windows;C:\Windows\System32\Wbem;C:\Windows\System32\WindowsPowerShell\v1.0\;C:\Windows\System32\OpenSSH\;C:\Program Files (x86)\NVIDIA Corporation\PhysX\Common;C:\Program Files\Microsoft SQL Server\130\Tools\Binn\;C:\Program Files\Microsoft SQL Server\Client SDK\ODBC\170\Tools\Binn\;C:\Program Files\PuTTY\;C:\Gradle\gradle-7.5.1\bin;C:\Program Files\dotnet\;C:\Program Files\Git\cmd;C:\Program Files\apache-maven-3.8.6\bin;C:\Program Files\jdk-17\bin;;C:\Program Files\NVIDIA Corporation\NVIDIA NvDLISR;C:\Program Files\Crucial\Crucial Storage Executive;C:\Program Files (x86)\Common Files\Acronis\SnapAPI\;C:\Program Files (x86)\Common Files\Acronis\VirtualFile\;C:\Program Files (x86)\Common Files\Acronis\VirtualFile64\;C:\Users\Karol\AppData\Local\Microsoft\WindowsApps;C:\Users\Karol\AppData\Local\Programs\Microsoft VS Code\bin;C:\Program Files\mingw64\bin;C:\ProgramData\Karol\GitHubDesktop\bin;C:\Users\Karol\AppData\Local\GitHubDesktop\bin;C:\Exercism;C:\Users\Karol\.dotnet\tools;C:\Program Files\JetBrains\IntelliJ IDEA 2022.2.3\bin;
USERNAME=Karol
OS=Windows_NT
PROCESSOR_IDENTIFIER=Intel64 Family 6 Model 165 Stepping 2, GenuineIntel



---------------  S Y S T E M  ---------------

OS:
 Windows 10 , 64 bit Build 19041 (10.0.19041.1889)
OS uptime: 19 days 6:08 hours

CPU: total 12 (initial active 12) (6 cores per cpu, 2 threads per core) family 6 model 165 stepping 2 microcode 0xea, cx8, cmov, fxsr, ht, mmx, 3dnowpref, sse, sse2, sse3, ssse3, sse4.1, sse4.2, popcnt, lzcnt, tsc, tscinvbit, avx, avx2, aes, erms, clmul, bmi1, bmi2, adx, fma, vzeroupper, clflush, clflushopt

Memory: 4k page, system-wide physical 16215M (2473M free)
TotalPageFile size 24215M (AvailPageFile size 106M)
current process WorkingSet (physical memory assigned to process): 10M, peak: 10M
current process commit charge ("private bytes"): 63M, peak: 317M

vm_info: OpenJDK 64-Bit Server VM (17.0.3+7) for windows-amd64 JRE (17.0.3+7), built on Apr 19 2022 16:55:35 by "" with MS VC++ 16.7 (VS2019)

END.
